Arguments: 
  C:\Program Files\nodejs\node.exe C:\Program Files\nodejs\node_modules\yarn\bin\yarn.js install

PATH: 
  C:\Windows\system32;C:\Windows;C:\Windows\System32\Wbem;C:\Windows\System32\WindowsPowerShell\v1.0\;C:\Windows\System32\OpenSSH\;C:\Program Files\Git\cmd;C:\Users\Gross\AppData\Roaming\nvm;C:\Program Files\nodejs;C:\Program Files\PuTTY\;C:\ProgramData\chocolatey\bin;;C:\Program Files\Docker\Docker\resources\bin;C:\Users\Gross\AppData\Local\Microsoft\WindowsApps;C:\Users\Gross\AppData\Roaming\npm;C:\Users\Gross\AppData\Local\Programs\Microsoft VS Code\bin;C:\Users\Gross\AppData\Roaming\nvm;C:\Program Files\nodejs

Yarn version: 
  1.22.19

Node version: 
  16.12.0

Platform: 
  win32 x64

Trace: 
  Error: https://registry.yarnpkg.com/mathjs/-/mathjs-10.6.4.tgz: ESOCKETTIMEDOUT
      at ClientRequest.<anonymous> (C:\Users\Gross\AppData\Roaming\nvm\v16.12.0\node_modules\yarn\lib\cli.js:141517:19)
      at Object.onceWrapper (node:events:509:28)
      at ClientRequest.emit (node:events:390:28)
      at TLSSocket.emitRequestTimeout (node:_http_client:763:9)
      at Object.onceWrapper (node:events:509:28)
      at TLSSocket.emit (node:events:402:35)
      at TLSSocket.Socket._onTimeout (node:net:501:8)
      at listOnTimeout (node:internal/timers:557:17)
      at processTimers (node:internal/timers:500:7)

npm manifest: 
  {
    "name": "guardian",
    "private": true,
    "packageManager": "yarn@3.2.1",
    "workspaces": [
      "interfaces",
      "common",
      "api-gateway",
      "auth-service",
      "guardian-service",
      "logger-service",
      "mrv-sender",
      "topic-viewer",
      "tree-viewer",
      "analytics-service",
      "worker-service",
      "policy-service",
      "api-tests",
      "notification-service"
    ],
      "version": "2.17.0"
  }

yarn manifest: 
  No manifest

Lockfile: 
  No lockfile
